<?xml version="1.0" encoding="UTF-8"?>
<testsuite name="TestCalculateAverage" tests="1" skipped="0" failures="0" errors="0" timestamp="2022-07-15T09:35:21" hostname="DESKTOP-SVDTQTC" time="0.025">
  <properties/>
  <testcase name="testFindAverage()" classname="TestCalculateAverage" time="0.025"/>
  <system-out><![CDATA[]]></system-out>
  <system-err><![CDATA[]]></system-err>
</testsuite>
